<?xml version="1.0" encoding="UTF-8"?>
<!-- Generated by org.testng.reporters.JUnitXMLReporter -->
<testsuite hostname="SFO1212397664R" name="Default test" tests="12" failures="1" timestamp="26 Aug 2014 23:56:08 GMT" time="7.202" errors="0">
  <testcase name="@AfterMethod log" time="0.0" classname="com.ge.ams.perf.testcases.lia.TC1">
    <failure type="java.lang.NullPointerException">
      <![CDATA[java.lang.NullPointerException
	at java.lang.String.replace(String.java:2180)
	at com.ge.ams.perf.core.jmxgenerator.ProcessEntry.processRequest(ProcessEntry.java:192)
	at com.ge.ams.perf.core.jmxgenerator.BaseProcessor.logRequest(BaseProcessor.java:42)
	at com.ge.ams.perf.adapter.ui.BaseUIPerfTest.log(BaseUIPerfTest.java:114)
	at sun.reflect.NativeMethodAccessorImpl.invoke0(Native Method)
	at sun.reflect.NativeMethodAccessorImpl.invoke(NativeMethodAccessorImpl.java:57)
	at sun.reflect.DelegatingMethodAccessorImpl.invoke(DelegatingMethodAccessorImpl.java:43)
	at java.lang.reflect.Method.invoke(Method.java:606)
	at org.testng.internal.MethodInvocationHelper.invokeMethod(MethodInvocationHelper.java:84)
	at org.testng.internal.Invoker.invokeConfigurationMethod(Invoker.java:564)
	at org.testng.internal.Invoker.invokeConfigurations(Invoker.java:213)
	at org.testng.internal.Invoker.invokeMethod(Invoker.java:786)
	at org.testng.internal.Invoker.invokeTestMethod(Invoker.java:901)
	at org.testng.internal.Invoker.invokeTestMethods(Invoker.java:1231)
	at org.testng.internal.TestMethodWorker.invokeTestMethods(TestMethodWorker.java:127)
	at org.testng.internal.TestMethodWorker.run(TestMethodWorker.java:111)
	at org.testng.TestRunner.privateRun(TestRunner.java:767)
	at org.testng.TestRunner.run(TestRunner.java:617)
	at org.testng.SuiteRunner.runTest(SuiteRunner.java:334)
	at org.testng.SuiteRunner.runSequentially(SuiteRunner.java:329)
	at org.testng.SuiteRunner.privateRun(SuiteRunner.java:291)
	at org.testng.SuiteRunner.run(SuiteRunner.java:240)
	at org.testng.SuiteRunnerWorker.runSuite(SuiteRunnerWorker.java:52)
	at org.testng.SuiteRunnerWorker.run(SuiteRunnerWorker.java:86)
	at org.testng.TestNG.runSuitesSequentially(TestNG.java:1224)
	at org.testng.TestNG.runSuitesLocally(TestNG.java:1149)
	at org.testng.TestNG.run(TestNG.java:1057)
	at org.testng.remote.RemoteTestNG.run(RemoteTestNG.java:111)
	at org.testng.remote.RemoteTestNG.initAndRun(RemoteTestNG.java:204)
	at org.testng.remote.RemoteTestNG.main(RemoteTestNG.java:175)
]]>
    </failure>
  </testcase> <!-- @AfterMethod log -->
  <testcase name="@BeforeMethod clear" time="0.0" classname="com.ge.ams.perf.testcases.lia.TC1">
    <skipped/>
  </testcase> <!-- @BeforeMethod clear -->
  <testcase name="@AfterMethod log" time="0.0" classname="com.ge.ams.perf.testcases.lia.TC1">
    <skipped/>
  </testcase> <!-- @AfterMethod log -->
  <testcase name="@BeforeMethod clear" time="0.0" classname="com.ge.ams.perf.testcases.lia.TC1">
    <skipped/>
  </testcase> <!-- @BeforeMethod clear -->
  <testcase name="@AfterMethod log" time="0.0" classname="com.ge.ams.perf.testcases.lia.TC1">
    <skipped/>
  </testcase> <!-- @AfterMethod log -->
  <testcase name="@BeforeMethod clear" time="0.0" classname="com.ge.ams.perf.testcases.lia.TC1">
    <skipped/>
  </testcase> <!-- @BeforeMethod clear -->
  <testcase name="@AfterMethod log" time="0.0" classname="com.ge.ams.perf.testcases.lia.TC1">
    <skipped/>
  </testcase> <!-- @AfterMethod log -->
  <testcase name="@BeforeMethod clear" time="0.0" classname="com.ge.ams.perf.testcases.lia.TC1">
    <skipped/>
  </testcase> <!-- @BeforeMethod clear -->
  <testcase name="@AfterMethod log" time="0.0" classname="com.ge.ams.perf.testcases.lia.TC1">
    <skipped/>
  </testcase> <!-- @AfterMethod log -->
  <testcase name="@BeforeMethod clear" time="0.0" classname="com.ge.ams.perf.testcases.lia.TC1">
    <skipped/>
  </testcase> <!-- @BeforeMethod clear -->
  <testcase name="@AfterMethod log" time="0.0" classname="com.ge.ams.perf.testcases.lia.TC1">
    <skipped/>
  </testcase> <!-- @AfterMethod log -->
  <testcase name="@BeforeMethod clear" time="0.0" classname="com.ge.ams.perf.testcases.lia.TC1">
    <skipped/>
  </testcase> <!-- @BeforeMethod clear -->
  <testcase name="@AfterMethod log" time="0.0" classname="com.ge.ams.perf.testcases.lia.TC1">
    <skipped/>
  </testcase> <!-- @AfterMethod log -->
  <testcase name="@AfterClass clean" time="0.0" classname="com.ge.ams.perf.testcases.lia.TC1">
    <skipped/>
  </testcase> <!-- @AfterClass clean -->
  <testcase name="OpenModelPage" time="0.005" classname="com.ge.ams.perf.testcases.lia.TC1">
    <failure type="java.lang.NullPointerException">
      <![CDATA[java.lang.NullPointerException
	at com.ge.ams.perf.testcases.lia.TC1.OpenModelPage(TC1.java:82)
	at sun.reflect.NativeMethodAccessorImpl.invoke0(Native Method)
	at sun.reflect.NativeMethodAccessorImpl.invoke(NativeMethodAccessorImpl.java:57)
	at sun.reflect.DelegatingMethodAccessorImpl.invoke(DelegatingMethodAccessorImpl.java:43)
	at java.lang.reflect.Method.invoke(Method.java:606)
	at org.testng.internal.MethodInvocationHelper.invokeMethod(MethodInvocationHelper.java:84)
	at org.testng.internal.Invoker.invokeMethod(Invoker.java:714)
	at org.testng.internal.Invoker.invokeTestMethod(Invoker.java:901)
	at org.testng.internal.Invoker.invokeTestMethods(Invoker.java:1231)
	at org.testng.internal.TestMethodWorker.invokeTestMethods(TestMethodWorker.java:127)
	at org.testng.internal.TestMethodWorker.run(TestMethodWorker.java:111)
	at org.testng.TestRunner.privateRun(TestRunner.java:767)
	at org.testng.TestRunner.run(TestRunner.java:617)
	at org.testng.SuiteRunner.runTest(SuiteRunner.java:334)
	at org.testng.SuiteRunner.runSequentially(SuiteRunner.java:329)
	at org.testng.SuiteRunner.privateRun(SuiteRunner.java:291)
	at org.testng.SuiteRunner.run(SuiteRunner.java:240)
	at org.testng.SuiteRunnerWorker.runSuite(SuiteRunnerWorker.java:52)
	at org.testng.SuiteRunnerWorker.run(SuiteRunnerWorker.java:86)
	at org.testng.TestNG.runSuitesSequentially(TestNG.java:1224)
	at org.testng.TestNG.runSuitesLocally(TestNG.java:1149)
	at org.testng.TestNG.run(TestNG.java:1057)
	at org.testng.remote.RemoteTestNG.run(RemoteTestNG.java:111)
	at org.testng.remote.RemoteTestNG.initAndRun(RemoteTestNG.java:204)
	at org.testng.remote.RemoteTestNG.main(RemoteTestNG.java:175)
]]>
    </failure>
  </testcase> <!-- OpenModelPage -->
  <testcase name="PartPage" time="0.001" classname="com.ge.ams.perf.testcases.lia.TC1">
    <skipped/>
  </testcase> <!-- PartPage -->
  <testcase name="createAsset" time="0.0" classname="com.ge.ams.perf.testcases.lia.TC1">
    <skipped/>
  </testcase> <!-- createAsset -->
  <testcase name="homePage" time="0.0" classname="com.ge.ams.perf.testcases.lia.TC1">
    <skipped/>
  </testcase> <!-- homePage -->
  <testcase name="loginPage" time="0.0" classname="com.ge.ams.perf.testcases.lia.TC1">
    <skipped/>
  </testcase> <!-- loginPage -->
  <testcase name="viewAllAssets" time="0.0" classname="com.ge.ams.perf.testcases.lia.TC1">
    <skipped/>
  </testcase> <!-- viewAllAssets -->
  <testcase name="viewSingleAsset" time="0.001" classname="com.ge.ams.perf.testcases.lia.TC1">
    <skipped/>
  </testcase> <!-- viewSingleAsset -->
  <testcase name="ClassificationPage" time="0.001" classname="com.ge.ams.perf.testcases.lia.TC1">
    <skipped/>
  </testcase> <!-- ClassificationPage -->
  <testcase name="createPart" time="0.001" classname="com.ge.ams.perf.testcases.lia.TC1">
    <skipped/>
  </testcase> <!-- createPart -->
  <testcase name="createClassification" time="0.0" classname="com.ge.ams.perf.testcases.lia.TC1">
    <skipped/>
  </testcase> <!-- createClassification -->
  <testcase name="viewAllParts" time="0.0" classname="com.ge.ams.perf.testcases.lia.TC1">
    <skipped/>
  </testcase> <!-- viewAllParts -->
  <testcase name="viewSinglePart" time="0.0" classname="com.ge.ams.perf.testcases.lia.TC1">
    <skipped/>
  </testcase> <!-- viewSinglePart -->
</testsuite> <!-- Default test -->
