<?xml version="1.0" encoding="UTF-8"?>
<testng-results skipped="0" failed="3" total="5" passed="2">
  <reporter-output>
  </reporter-output>
  <suite name="perf" duration-ms="32940" started-at="2014-09-13T21:52:50Z" finished-at="2014-09-13T21:53:23Z">
    <groups>
    </groups>
    <test name="TC1" duration-ms="32940" started-at="2014-09-13T21:52:50Z" finished-at="2014-09-13T21:53:23Z">
      <class name="com.ge.ams.perf.testcases.lia.TC1">
        <test-method status="PASS" signature="BasePerformanceTest()[pri:0, instance:com.ge.ams.perf.testcases.lia.TC1@1806c96b]" name="BasePerformanceTest" is-config="true" duration-ms="2463" started-at="2014-09-13T14:52:50Z" finished-at="2014-09-13T14:52:53Z">
          <reporter-output>
          </reporter-output>
        </test-method> <!-- BasePerformanceTest -->
        <test-method status="PASS" signature="loginPage()[pri:0, instance:com.ge.ams.perf.testcases.lia.TC1@1806c96b]" name="loginPage" duration-ms="2826" started-at="2014-09-13T14:52:53Z" finished-at="2014-09-13T14:52:55Z">
          <reporter-output>
          </reporter-output>
        </test-method> <!-- loginPage -->
        <test-method status="PASS" signature="clear()[pri:0, instance:com.ge.ams.perf.testcases.lia.TC1@1806c96b]" name="clear" is-config="true" duration-ms="0" started-at="2014-09-13T14:52:53Z" finished-at="2014-09-13T14:52:53Z">
          <reporter-output>
          </reporter-output>
        </test-method> <!-- clear -->
        <test-method status="PASS" signature="log()[pri:0, instance:com.ge.ams.perf.testcases.lia.TC1@1806c96b]" name="log" is-config="true" duration-ms="5235" started-at="2014-09-13T14:52:55Z" finished-at="2014-09-13T14:53:01Z">
          <reporter-output>
          </reporter-output>
        </test-method> <!-- log -->
        <test-method status="PASS" signature="clear()[pri:0, instance:com.ge.ams.perf.testcases.lia.TC1@1806c96b]" name="clear" is-config="true" duration-ms="0" started-at="2014-09-13T14:53:01Z" finished-at="2014-09-13T14:53:01Z">
          <reporter-output>
          </reporter-output>
        </test-method> <!-- clear -->
        <test-method status="PASS" signature="homePage()[pri:0, instance:com.ge.ams.perf.testcases.lia.TC1@1806c96b]" name="homePage" duration-ms="29" started-at="2014-09-13T14:53:01Z" finished-at="2014-09-13T14:53:01Z">
          <reporter-output>
          </reporter-output>
        </test-method> <!-- homePage -->
        <test-method status="PASS" signature="log()[pri:0, instance:com.ge.ams.perf.testcases.lia.TC1@1806c96b]" name="log" is-config="true" duration-ms="5039" started-at="2014-09-13T14:53:01Z" finished-at="2014-09-13T14:53:06Z">
          <reporter-output>
          </reporter-output>
        </test-method> <!-- log -->
        <test-method status="PASS" signature="clear()[pri:0, instance:com.ge.ams.perf.testcases.lia.TC1@1806c96b]" name="clear" is-config="true" duration-ms="0" started-at="2014-09-13T14:53:06Z" finished-at="2014-09-13T14:53:06Z">
          <reporter-output>
          </reporter-output>
        </test-method> <!-- clear -->
        <test-method status="FAIL" signature="OpenModelPage()[pri:0, instance:com.ge.ams.perf.testcases.lia.TC1@1806c96b]" name="OpenModelPage" duration-ms="36" started-at="2014-09-13T14:53:06Z" finished-at="2014-09-13T14:53:06Z">
          <exception class="org.openqa.selenium.NoSuchElementException">
            <message>
              <![CDATA[no such element
  (Session info: chrome=37.0.2062.120)
  (Driver info: chromedriver=2.9.248307,platform=Mac OS X 10.9.2 x86_64) (WARNING: The server did not provide any stacktrace information)
Command duration or timeout: 35 milliseconds
For documentation on this error, please visit: http://seleniumhq.org/exceptions/no_such_element.html
Build info: version: '2.25.0', revision: '17482', time: '2012-07-18 22:18:01'
System info: os.name: 'Mac OS X', os.arch: 'x86_64', os.version: '10.9.2', java.version: '1.7.0_51'
Driver info: driver.version: RemoteWebDriver
Session ID: f269a57e4b5d7e5d55d662f8f3e87bb0]]>
            </message>
            <full-stacktrace>
              <![CDATA[org.openqa.selenium.NoSuchElementException: no such element
  (Session info: chrome=37.0.2062.120)
  (Driver info: chromedriver=2.9.248307,platform=Mac OS X 10.9.2 x86_64) (WARNING: The server did not provide any stacktrace information)
Command duration or timeout: 35 milliseconds
For documentation on this error, please visit: http://seleniumhq.org/exceptions/no_such_element.html
Build info: version: '2.25.0', revision: '17482', time: '2012-07-18 22:18:01'
System info: os.name: 'Mac OS X', os.arch: 'x86_64', os.version: '10.9.2', java.version: '1.7.0_51'
Driver info: driver.version: RemoteWebDriver
Session ID: f269a57e4b5d7e5d55d662f8f3e87bb0
	at sun.reflect.NativeConstructorAccessorImpl.newInstance0(Native Method)
	at sun.reflect.NativeConstructorAccessorImpl.newInstance(NativeConstructorAccessorImpl.java:57)
	at sun.reflect.DelegatingConstructorAccessorImpl.newInstance(DelegatingConstructorAccessorImpl.java:45)
	at java.lang.reflect.Constructor.newInstance(Constructor.java:526)
	at org.openqa.selenium.remote.ErrorHandler.createThrowable(ErrorHandler.java:188)
	at org.openqa.selenium.remote.ErrorHandler.throwIfResponseFailed(ErrorHandler.java:145)
	at org.openqa.selenium.remote.RemoteWebDriver.execute(RemoteWebDriver.java:498)
	at org.openqa.selenium.remote.RemoteWebDriver.findElement(RemoteWebDriver.java:268)
	at org.openqa.selenium.remote.RemoteWebDriver.findElementByXPath(RemoteWebDriver.java:353)
	at org.openqa.selenium.By$ByXPath.findElement(By.java:343)
	at org.openqa.selenium.remote.RemoteWebDriver.findElement(RemoteWebDriver.java:260)
	at com.ge.ams.perf.library.ui.lia.DashboardPage.OpenModelPage(DashboardPage.java:182)
	at com.ge.ams.perf.testcases.lia.TC1.OpenModelPage(TC1.java:82)
	at sun.reflect.NativeMethodAccessorImpl.invoke0(Native Method)
	at sun.reflect.NativeMethodAccessorImpl.invoke(NativeMethodAccessorImpl.java:57)
	at sun.reflect.DelegatingMethodAccessorImpl.invoke(DelegatingMethodAccessorImpl.java:43)
	at java.lang.reflect.Method.invoke(Method.java:606)
	at org.testng.internal.MethodInvocationHelper.invokeMethod(MethodInvocationHelper.java:84)
	at org.testng.internal.Invoker.invokeMethod(Invoker.java:714)
	at org.testng.internal.Invoker.invokeTestMethod(Invoker.java:901)
	at org.testng.internal.Invoker.invokeTestMethods(Invoker.java:1231)
	at org.testng.internal.TestMethodWorker.invokeTestMethods(TestMethodWorker.java:127)
	at org.testng.internal.TestMethodWorker.run(TestMethodWorker.java:111)
	at org.testng.TestRunner.privateRun(TestRunner.java:767)
	at org.testng.TestRunner.run(TestRunner.java:617)
	at org.testng.SuiteRunner.runTest(SuiteRunner.java:334)
	at org.testng.SuiteRunner.runSequentially(SuiteRunner.java:329)
	at org.testng.SuiteRunner.privateRun(SuiteRunner.java:291)
	at org.testng.SuiteRunner.run(SuiteRunner.java:240)
	at org.testng.SuiteRunnerWorker.runSuite(SuiteRunnerWorker.java:52)
	at org.testng.SuiteRunnerWorker.run(SuiteRunnerWorker.java:86)
	at org.testng.TestNG.runSuitesSequentially(TestNG.java:1224)
	at org.testng.TestNG.runSuitesLocally(TestNG.java:1149)
	at org.testng.TestNG.run(TestNG.java:1057)
	at org.testng.remote.RemoteTestNG.run(RemoteTestNG.java:111)
	at org.testng.remote.RemoteTestNG.initAndRun(RemoteTestNG.java:204)
	at org.testng.remote.RemoteTestNG.main(RemoteTestNG.java:175)
]]>
            </full-stacktrace>
          </exception> <!-- org.openqa.selenium.NoSuchElementException -->
          <reporter-output>
          </reporter-output>
        </test-method> <!-- OpenModelPage -->
        <test-method status="PASS" signature="log()[pri:0, instance:com.ge.ams.perf.testcases.lia.TC1@1806c96b]" name="log" is-config="true" duration-ms="5034" started-at="2014-09-13T14:53:06Z" finished-at="2014-09-13T14:53:11Z">
          <reporter-output>
          </reporter-output>
        </test-method> <!-- log -->
        <test-method status="PASS" signature="clear()[pri:0, instance:com.ge.ams.perf.testcases.lia.TC1@1806c96b]" name="clear" is-config="true" duration-ms="0" started-at="2014-09-13T14:53:11Z" finished-at="2014-09-13T14:53:11Z">
          <reporter-output>
          </reporter-output>
        </test-method> <!-- clear -->
        <test-method status="FAIL" signature="PartPage()[pri:0, instance:com.ge.ams.perf.testcases.lia.TC1@1806c96b]" name="PartPage" duration-ms="1" started-at="2014-09-13T14:53:11Z" finished-at="2014-09-13T14:53:11Z">
          <exception class="java.lang.NullPointerException">
            <full-stacktrace>
              <![CDATA[java.lang.NullPointerException
	at com.ge.ams.perf.testcases.lia.TC1.PartPage(TC1.java:116)
	at sun.reflect.NativeMethodAccessorImpl.invoke0(Native Method)
	at sun.reflect.NativeMethodAccessorImpl.invoke(NativeMethodAccessorImpl.java:57)
	at sun.reflect.DelegatingMethodAccessorImpl.invoke(DelegatingMethodAccessorImpl.java:43)
	at java.lang.reflect.Method.invoke(Method.java:606)
	at org.testng.internal.MethodInvocationHelper.invokeMethod(MethodInvocationHelper.java:84)
	at org.testng.internal.Invoker.invokeMethod(Invoker.java:714)
	at org.testng.internal.Invoker.invokeTestMethod(Invoker.java:901)
	at org.testng.internal.Invoker.invokeTestMethods(Invoker.java:1231)
	at org.testng.internal.TestMethodWorker.invokeTestMethods(TestMethodWorker.java:127)
	at org.testng.internal.TestMethodWorker.run(TestMethodWorker.java:111)
	at org.testng.TestRunner.privateRun(TestRunner.java:767)
	at org.testng.TestRunner.run(TestRunner.java:617)
	at org.testng.SuiteRunner.runTest(SuiteRunner.java:334)
	at org.testng.SuiteRunner.runSequentially(SuiteRunner.java:329)
	at org.testng.SuiteRunner.privateRun(SuiteRunner.java:291)
	at org.testng.SuiteRunner.run(SuiteRunner.java:240)
	at org.testng.SuiteRunnerWorker.runSuite(SuiteRunnerWorker.java:52)
	at org.testng.SuiteRunnerWorker.run(SuiteRunnerWorker.java:86)
	at org.testng.TestNG.runSuitesSequentially(TestNG.java:1224)
	at org.testng.TestNG.runSuitesLocally(TestNG.java:1149)
	at org.testng.TestNG.run(TestNG.java:1057)
	at org.testng.remote.RemoteTestNG.run(RemoteTestNG.java:111)
	at org.testng.remote.RemoteTestNG.initAndRun(RemoteTestNG.java:204)
	at org.testng.remote.RemoteTestNG.main(RemoteTestNG.java:175)
]]>
            </full-stacktrace>
          </exception> <!-- java.lang.NullPointerException -->
          <reporter-output>
          </reporter-output>
        </test-method> <!-- PartPage -->
        <test-method status="PASS" signature="log()[pri:0, instance:com.ge.ams.perf.testcases.lia.TC1@1806c96b]" name="log" is-config="true" duration-ms="5029" started-at="2014-09-13T14:53:11Z" finished-at="2014-09-13T14:53:16Z">
          <reporter-output>
          </reporter-output>
        </test-method> <!-- log -->
        <test-method status="PASS" signature="clear()[pri:0, instance:com.ge.ams.perf.testcases.lia.TC1@1806c96b]" name="clear" is-config="true" duration-ms="1" started-at="2014-09-13T14:53:16Z" finished-at="2014-09-13T14:53:16Z">
          <reporter-output>
          </reporter-output>
        </test-method> <!-- clear -->
        <test-method status="FAIL" signature="createPart()[pri:0, instance:com.ge.ams.perf.testcases.lia.TC1@1806c96b]" name="createPart" duration-ms="1" started-at="2014-09-13T14:53:16Z" finished-at="2014-09-13T14:53:16Z">
          <exception class="java.lang.NullPointerException">
            <full-stacktrace>
              <![CDATA[java.lang.NullPointerException
	at com.ge.ams.perf.testcases.lia.TC1.createPart(TC1.java:129)
	at sun.reflect.NativeMethodAccessorImpl.invoke0(Native Method)
	at sun.reflect.NativeMethodAccessorImpl.invoke(NativeMethodAccessorImpl.java:57)
	at sun.reflect.DelegatingMethodAccessorImpl.invoke(DelegatingMethodAccessorImpl.java:43)
	at java.lang.reflect.Method.invoke(Method.java:606)
	at org.testng.internal.MethodInvocationHelper.invokeMethod(MethodInvocationHelper.java:84)
	at org.testng.internal.Invoker.invokeMethod(Invoker.java:714)
	at org.testng.internal.Invoker.invokeTestMethod(Invoker.java:901)
	at org.testng.internal.Invoker.invokeTestMethods(Invoker.java:1231)
	at org.testng.internal.TestMethodWorker.invokeTestMethods(TestMethodWorker.java:127)
	at org.testng.internal.TestMethodWorker.run(TestMethodWorker.java:111)
	at org.testng.TestRunner.privateRun(TestRunner.java:767)
	at org.testng.TestRunner.run(TestRunner.java:617)
	at org.testng.SuiteRunner.runTest(SuiteRunner.java:334)
	at org.testng.SuiteRunner.runSequentially(SuiteRunner.java:329)
	at org.testng.SuiteRunner.privateRun(SuiteRunner.java:291)
	at org.testng.SuiteRunner.run(SuiteRunner.java:240)
	at org.testng.SuiteRunnerWorker.runSuite(SuiteRunnerWorker.java:52)
	at org.testng.SuiteRunnerWorker.run(SuiteRunnerWorker.java:86)
	at org.testng.TestNG.runSuitesSequentially(TestNG.java:1224)
	at org.testng.TestNG.runSuitesLocally(TestNG.java:1149)
	at org.testng.TestNG.run(TestNG.java:1057)
	at org.testng.remote.RemoteTestNG.run(RemoteTestNG.java:111)
	at org.testng.remote.RemoteTestNG.initAndRun(RemoteTestNG.java:204)
	at org.testng.remote.RemoteTestNG.main(RemoteTestNG.java:175)
]]>
            </full-stacktrace>
          </exception> <!-- java.lang.NullPointerException -->
          <reporter-output>
          </reporter-output>
        </test-method> <!-- createPart -->
        <test-method status="PASS" signature="log()[pri:0, instance:com.ge.ams.perf.testcases.lia.TC1@1806c96b]" name="log" is-config="true" duration-ms="5034" started-at="2014-09-13T14:53:16Z" finished-at="2014-09-13T14:53:21Z">
          <reporter-output>
          </reporter-output>
        </test-method> <!-- log -->
        <test-method status="PASS" signature="clean()[pri:0, instance:com.ge.ams.perf.testcases.lia.TC1@1806c96b]" name="clean" is-config="true" duration-ms="2198" started-at="2014-09-13T14:53:21Z" finished-at="2014-09-13T14:53:23Z">
          <reporter-output>
          </reporter-output>
        </test-method> <!-- clean -->
      </class> <!-- com.ge.ams.perf.testcases.lia.TC1 -->
    </test> <!-- TC1 -->
  </suite> <!-- perf -->
</testng-results>
